<?xml version="1.0" encoding="UTF-8"?>
<!-- Generated by org.testng.reporters.JUnitXMLReporter -->
<testsuite ignored="4" hostname="HPCLAUDIO" failures="3" tests="3" name="SmokeTests" time="0.024" errors="0" timestamp="2025-08-04T13:33:10 CLT">
  <testcase classname="suiteTest.LoginTest" name="testLogin" time="0.0">
    <failure type="java.lang.AssertionError" message="Test de login falló: Cannot invoke &amp;quot;org.openqa.selenium.WebDriver.get(String)&amp;quot; because &amp;quot;this.driver&amp;quot; is null">
      <![CDATA[java.lang.AssertionError: Test de login falló: Cannot invoke "org.openqa.selenium.WebDriver.get(String)" because "this.driver" is null
at suiteTest.LoginTest.testLogin(LoginTest.java:129)
at java.base/java.util.ArrayList.forEach(ArrayList.java:1511)
... Removed 32 stack frames]]>
    </failure>
  </testcase> <!-- testLogin -->
  <testcase classname="suiteTest.LoginTest" name="testLogin" time="0.001">
    <failure type="java.lang.AssertionError" message="Test de login falló: Cannot invoke &amp;quot;org.openqa.selenium.WebDriver.get(String)&amp;quot; because &amp;quot;this.driver&amp;quot; is null">
      <![CDATA[java.lang.AssertionError: Test de login falló: Cannot invoke "org.openqa.selenium.WebDriver.get(String)" because "this.driver" is null
at suiteTest.LoginTest.testLogin(LoginTest.java:129)
at java.base/java.util.ArrayList.forEach(ArrayList.java:1511)
... Removed 32 stack frames]]>
    </failure>
  </testcase> <!-- testLogin -->
  <testcase classname="suiteTest.LoginTest" name="testLogin" time="0.0">
    <failure type="java.lang.AssertionError" message="Test de login falló: Cannot invoke &amp;quot;org.openqa.selenium.WebDriver.get(String)&amp;quot; because &amp;quot;this.driver&amp;quot; is null">
      <![CDATA[java.lang.AssertionError: Test de login falló: Cannot invoke "org.openqa.selenium.WebDriver.get(String)" because "this.driver" is null
at suiteTest.LoginTest.testLogin(LoginTest.java:129)
at java.base/java.util.ArrayList.forEach(ArrayList.java:1511)
... Removed 32 stack frames]]>
    </failure>
  </testcase> <!-- testLogin -->
  <testcase classname="suiteTest.RegisterTest" name="testCompleteFormSubmission" time="0.0">
    <ignored/>
  </testcase> <!-- testCompleteFormSubmission -->
  <testcase classname="suiteTest.RegisterTest" name="testFormFieldsValidation" time="0.0">
    <ignored/>
  </testcase> <!-- testFormFieldsValidation -->
  <testcase classname="suiteTest.LoginTest" name="testInvalidCredentialsFast" time="0.0">
    <ignored/>
  </testcase> <!-- testInvalidCredentialsFast -->
  <testcase classname="suiteTest.LoginTest" name="testEmptyLoginFast" time="0.0">
    <ignored/>
  </testcase> <!-- testEmptyLoginFast -->
</testsuite> <!-- SmokeTests -->
